[SQL_LOG:2020-11-12 13:05:24]:  SELECT  customer_no  FROM  session  WHERE  session_key = ?     [270e2b80cfa9531824cebe9bd112d10c]
[SQL_LOG:2020-11-12 13:15:28]:  SELECT  customer_no  FROM  customer  WHERE  session_key = ?     [270e2b80cfa9531824cebe9bd112d10c]
[SQL_LOG:2020-11-12 13:15:28]:  INSERT INTO  customer  (session_key) VALUES (?)  [270e2b80cfa9531824cebe9bd112d10c]
[SQL_LOG:2020-11-12 13:15:31]:  SELECT  customer_no  FROM  customer  WHERE  session_key = ?     [270e2b80cfa9531824cebe9bd112d10c]
[SQL_LOG:2020-11-12 13:15:54]:  SELECT  customer_no  FROM  customer  WHERE  session_key = ?     [270e2b80cfa9531824cebe9bd112d10c]
[SQL_LOG:2020-11-12 13:16:06]:  SELECT  customer_no  FROM  customer  WHERE  session_key = ?     [b468ca2148197ce4f986c85f22dcf46c]
[SQL_LOG:2020-11-12 13:16:06]:  INSERT INTO  customer  (session_key) VALUES (?)  [b468ca2148197ce4f986c85f22dcf46c]
[SQL_LOG:2020-11-12 13:19:10]:  SELECT  customer_no  FROM  customer  WHERE  session_key = ?     [270e2b80cfa9531824cebe9bd112d10c]
[SQL_LOG:2020-11-12 13:19:58]:  SELECT  customer_no  FROM  customer  WHERE  session_key = ?     [270e2b80cfa9531824cebe9bd112d10c]
[SQL_LOG:2020-11-12 13:19:59]:  SELECT  customer_no  FROM  customer  WHERE  session_key = ?     [270e2b80cfa9531824cebe9bd112d10c]
[SQL_LOG:2020-11-12 13:20:00]:  SELECT  customer_no  FROM  customer  WHERE  session_key = ?     [270e2b80cfa9531824cebe9bd112d10c]
[SQL_LOG:2020-11-12 13:20:02]:  SELECT  customer_no  FROM  customer  WHERE  session_key = ?     [270e2b80cfa9531824cebe9bd112d10c]
[SQL_LOG:2020-11-12 13:20:02]:  SELECT  customer_no  FROM  customer  WHERE  session_key = ?     [270e2b80cfa9531824cebe9bd112d10c]
[SQL_LOG:2020-11-12 13:20:30]:  SELECT  customer_no  FROM  customer  WHERE  session_key = ?     [270e2b80cfa9531824cebe9bd112d10c]
[SQL_LOG:2020-11-12 13:44:25]:  SELECT  customer_no  FROM  customer  WHERE  session_key = ?     [270e2b80cfa9531824cebe9bd112d10c]
[SQL_LOG:2020-11-12 13:44:44]:  SELECT  customer_no  FROM  customer  WHERE  session_key = ?     [270e2b80cfa9531824cebe9bd112d10c]
[SQL_LOG:2020-11-12 13:52:55]:  SELECT  customer_no  FROM  customer  WHERE  session_key = ?     [270e2b80cfa9531824cebe9bd112d10c]
[SQL_LOG:2020-11-12 13:54:33]:  SELECT  customer_no  FROM  customer  WHERE  session_key = ?     [270e2b80cfa9531824cebe9bd112d10c]
[SQL_LOG:2020-11-12 15:47:28]:  SELECT  customer_no  FROM  session  WHERE  session_key = ?     [270e2b80cfa9531824cebe9bd112d10c]
[SQL_LOG:2020-11-12 15:47:28]:  INSERT INTO  session  (session_key) VALUES (?)  [270e2b80cfa9531824cebe9bd112d10c]
[SQL_LOG:2020-11-12 15:47:30]:  SELECT  customer_no  FROM  session  WHERE  session_key = ?     [270e2b80cfa9531824cebe9bd112d10c]
[SQL_LOG:2020-11-12 15:47:32]:  SELECT  customer_no  FROM  session  WHERE  session_key = ?     [270e2b80cfa9531824cebe9bd112d10c]
[SQL_LOG:2020-11-12 15:49:31]:  SELECT  customer_no  FROM  session  WHERE  session_key = ?     [270e2b80cfa9531824cebe9bd112d10c]
[SQL_LOG:2020-11-12 15:51:51]:  SELECT  customer_no  FROM  session  WHERE  session_key = ?     [270e2b80cfa9531824cebe9bd112d10c]
[SQL_LOG:2020-11-12 15:52:45]:  SELECT  customer_no  FROM  session  WHERE  session_key = ?     [270e2b80cfa9531824cebe9bd112d10c]
[SQL_LOG:2020-11-12 15:52:46]:  SELECT  customer_no  FROM  session  WHERE  session_key = ?     [270e2b80cfa9531824cebe9bd112d10c]
[SQL_LOG:2020-11-12 15:52:56]:  SELECT  customer_no  FROM  session  WHERE  session_key = ?     [270e2b80cfa9531824cebe9bd112d10c]
[SQL_LOG:2020-11-12 16:48:48]:  INSERT INTO  member  (family_name,create_date,first_name,create_date,email,create_date,password,create_date,customer_no,create_date) VALUES (?,?,?,?,?)  [千葉,NOW(),康平,NOW(),aaa@aa,NOW(),password,NOW(),1,NOW()]
[SQL_LOG:2020-11-12 16:53:01]:  INSERT INTO  member  (family_name,first_name,email,password,customer_no,create_date) VALUES (?,?,?,?,?,?)  [千葉,康平,aaa@aa,password,1,NOW()]
[SQL_LOG:2020-11-12 16:54:07]:  INSERT INTO  member  (family_name,first_name,email,password,customer_no,create_date) VALUES (?,?,?,?,?,?)  [千葉,康平,aaa@aa,password,1,NOW()]
[SQL_LOG:2020-11-12 17:01:03]:  INSERT INTO  member  (family_name,first_name,email,password,customer_no,create_date) VALUES (?,?,?,?,?,?)  [千葉,康平,aaa@aa,password,1,now()]
[SQL_LOG:2020-11-12 17:02:20]:  INSERT INTO  member  (family_name,first_name,email,password,customer_no,create_date) VALUES (?,?,?,?,?,?)  [千葉,康平,aaa@aa,password,1,timestamp()]
[SQL_LOG:2020-11-12 17:23:35]:  INSERT INTO  member  (family_name,first_name,email,password,customer_no) VALUES (?,?,?,?,?)  [千葉,康平,aaa@aa,password,1]
[SQL_LOG:2020-11-12 17:40:01]:  SELECT  customer_no  FROM  session  WHERE  session_key = ?     [270e2b80cfa9531824cebe9bd112d10c]
[SQL_LOG:2020-11-12 17:40:03]:  SELECT  customer_no  FROM  session  WHERE  session_key = ?     [270e2b80cfa9531824cebe9bd112d10c]
[SQL_LOG:2020-11-12 17:41:27]:  INSERT INTO  member  (family_name,first_name,email,password,customer_no) VALUES (?,?,?,?,?)  [chiba,kohei,bb@bb,$2y$10$J9N2XQFTbcDpTBeCrmV0Se/mmwWaBcYGLYh.M7pdUJr6xVVVecSd6,1]
[SQL_LOG:2020-11-12 18:05:15]:  SELECT  customer_no  FROM  session  WHERE  session_key = ?     [270e2b80cfa9531824cebe9bd112d10c]
[SQL_LOG:2020-11-12 18:05:45]:  SELECT  customer_no  FROM  session  WHERE  session_key = ?     [270e2b80cfa9531824cebe9bd112d10c]
[SQL_LOG:2020-11-12 18:06:09]:  SELECT  customer_no  FROM  session  WHERE  session_key = ?     [270e2b80cfa9531824cebe9bd112d10c]
[SQL_LOG:2020-11-12 18:06:15]:  SELECT  customer_no  FROM  session  WHERE  session_key = ?     [270e2b80cfa9531824cebe9bd112d10c]
[SQL_LOG:2020-11-12 18:06:16]:  SELECT  customer_no  FROM  session  WHERE  session_key = ?     [270e2b80cfa9531824cebe9bd112d10c]
[SQL_LOG:2020-11-12 18:08:26]:  SELECT  customer_no  FROM  session  WHERE  session_key = ?     [270e2b80cfa9531824cebe9bd112d10c]
[SQL_LOG:2020-11-12 18:10:27]:  SELECT  customer_no  FROM  session  WHERE  session_key = ?     [270e2b80cfa9531824cebe9bd112d10c]
[SQL_LOG:2020-11-12 19:22:26]:  SELECT  customer_no  FROM  session  WHERE  session_key = ?     [270e2b80cfa9531824cebe9bd112d10c]
[SQL_LOG:2020-11-12 19:23:04]:  SELECT  customer_no  FROM  session  WHERE  session_key = ?     [270e2b80cfa9531824cebe9bd112d10c]
[SQL_LOG:2020-11-12 19:23:39]:  SELECT  customer_no  FROM  session  WHERE  session_key = ?     [270e2b80cfa9531824cebe9bd112d10c]
[SQL_LOG:2020-11-12 19:23:47]:  SELECT  email  FROM  member  WHERE  email     []
[SQL_LOG:2020-11-12 19:24:12]:  SELECT  *  FROM  member  WHERE  email     []
[SQL_LOG:2020-11-12 19:24:32]:  SELECT  *  FROM  member  WHERE  email     []
[SQL_LOG:2020-11-12 19:25:29]:  SELECT  *  FROM  member  WHERE  email = ?     []
[SQL_LOG:2020-11-12 19:26:18]:  SELECT  *  FROM  member  WHERE  email = ?     []
[SQL_LOG:2020-11-12 19:26:56]:  SELECT  *  FROM  member  WHERE  email = ?     []
[SQL_LOG:2020-11-12 19:27:17]:  SELECT  *  FROM  member  WHERE  email = ?     []
[SQL_LOG:2020-11-12 19:27:43]:  SELECT  *  FROM  member  WHERE  email = ?     []
[SQL_LOG:2020-11-12 20:52:57]:  SELECT  *  FROM  member  WHERE  email = ?     []
[SQL_LOG:2020-11-12 20:53:00]:  SELECT  customer_no  FROM  session  WHERE  session_key = ?     [270e2b80cfa9531824cebe9bd112d10c]
[SQL_LOG:2020-11-12 20:58:00]:  SELECT  customer_no  FROM  session  WHERE  session_key = ?     [270e2b80cfa9531824cebe9bd112d10c]
[SQL_LOG:2020-11-12 20:58:19]:  SELECT  *  FROM  member  WHERE  email = ?     [bb@bb]
[SQL_LOG:2020-11-12 20:59:51]:  SELECT  *  FROM  member  WHERE  email = ?     [bb@bb]
[SQL_LOG:2020-11-12 21:00:27]:  SELECT  *  FROM  member  WHERE  email = ?     [bb@bb]
[SQL_LOG:2020-11-12 21:00:56]:  SELECT  email  FROM  member  WHERE  email = ?     [bb@bb]
[SQL_LOG:2020-11-12 21:01:16]:  SELECT  email  FROM  member  WHERE  email = ?     [bb@bb]
[SQL_LOG:2020-11-12 21:01:44]:  SELECT  email  FROM  member  WHERE  email = ?     [bb@bb]
[SQL_LOG:2020-11-12 21:02:05]:  SELECT  email  FROM  member  WHERE  email = ?     [bb@bb]
[SQL_LOG:2020-11-12 21:02:27]:  SELECT  email  FROM  member  WHERE  email = ?     [bb@bb]
[SQL_LOG:2020-11-12 21:02:56]:  SELECT  email  FROM  member  WHERE  email = ?     [bb@bb]
[SQL_LOG:2020-11-12 21:03:26]:  SELECT  email  FROM  member  WHERE  email = ?     [bb@bb]
[SQL_LOG:2020-11-12 21:03:56]:  SELECT  email  FROM  member  WHERE  email = ?     [bb@bb]
[SQL_LOG:2020-11-12 22:09:59]:  SELECT  customer_no  FROM  session  WHERE  session_key = ?     [270e2b80cfa9531824cebe9bd112d10c]
[SQL_LOG:2020-11-12 22:10:14]:  SELECT  email  FROM  member  WHERE  email = ?     []
